<?xml version="1.0" encoding="utf-8" standalone="no"?>
<!--This file represents the results of running a test suite-->
<test-results name="D:\My Files\TU\Contextproject\NaoRobot\Naovigate.Test\bin\Release\Naovigate.Test.dll" total="40" errors="0" failures="1" not-run="0" inconclusive="1" ignored="0" skipped="0" invalid="0" date="2013-05-18" time="20:54:07">
  <environment nunit-version="2.6.2.12296" clr-version="2.0.50727.5466" os-version="Microsoft Windows NT 6.1.7601 Service Pack 1" platform="Win32NT" cwd="D:\My Files\TU\Contextproject\NaoRobot\Naovigate.Test" machine-name="RAOUL-PC" user="Raou" user-domain="RAOUL-PC" />
  <culture-info current-culture="en-GB" current-uiculture="en-US" />
  <test-suite type="Assembly" name="D:\My Files\TU\Contextproject\NaoRobot\Naovigate.Test\bin\Release\Naovigate.Test.dll" executed="True" result="Failure" success="False" time="2.525" asserts="0">
    <results>
      <test-suite type="Namespace" name="Naovigate" executed="True" result="Failure" success="False" time="2.524" asserts="0">
        <results>
          <test-suite type="Namespace" name="Test" executed="True" result="Failure" success="False" time="2.523" asserts="0">
            <results>
              <test-suite type="Namespace" name="Communication" executed="True" result="Success" success="True" time="0.043" asserts="0">
                <results>
                  <test-suite type="TestFixture" name="CommunicationStreamTest" executed="True" result="Success" success="True" time="0.042" asserts="0">
                    <results>
                      <test-case name="Naovigate.Test.Communication.CommunicationStreamTest.GetStreamTest" executed="True" result="Success" success="True" time="0.000" asserts="1" />
                      <test-case name="Naovigate.Test.Communication.CommunicationStreamTest.ReadByteTest" executed="True" result="Success" success="True" time="0.000" asserts="1" />
                      <test-case name="Naovigate.Test.Communication.CommunicationStreamTest.ReadWriteAllBufferTest" executed="True" result="Success" success="True" time="0.000" asserts="2" />
                      <test-case name="Naovigate.Test.Communication.CommunicationStreamTest.ReadWriteBufferWithOffsetTest" executed="True" result="Success" success="True" time="0.000" asserts="2" />
                      <test-case name="Naovigate.Test.Communication.CommunicationStreamTest.ReadWriteIntMaxValueTest" executed="True" result="Success" success="True" time="0.000" asserts="1" />
                      <test-case name="Naovigate.Test.Communication.CommunicationStreamTest.ReadWriteIntMultipleByteNegativeValueTest" executed="True" result="Success" success="True" time="0.000" asserts="1" />
                      <test-case name="Naovigate.Test.Communication.CommunicationStreamTest.ReadWriteIntMultipleByteValueTest" executed="True" result="Success" success="True" time="0.000" asserts="1" />
                      <test-case name="Naovigate.Test.Communication.CommunicationStreamTest.ReadWriteIntSingleByteValueTest" executed="True" result="Success" success="True" time="0.000" asserts="1" />
                      <test-case name="Naovigate.Test.Communication.CommunicationStreamTest.ReadWritelongMaxValueTest" executed="True" result="Success" success="True" time="0.000" asserts="1" />
                      <test-case name="Naovigate.Test.Communication.CommunicationStreamTest.ReadWriteLongMultipleByteNegativeValueTest" executed="True" result="Success" success="True" time="0.000" asserts="1" />
                      <test-case name="Naovigate.Test.Communication.CommunicationStreamTest.ReadWriteLongMultipleByteValueTest" executed="True" result="Success" success="True" time="0.000" asserts="1" />
                      <test-case name="Naovigate.Test.Communication.CommunicationStreamTest.ReadWriteLongSingleByteValueTest" executed="True" result="Success" success="True" time="0.000" asserts="1" />
                    </results>
                  </test-suite>
                </results>
              </test-suite>
              <test-suite type="Namespace" name="Event" executed="True" result="Failure" success="False" time="2.376" asserts="0">
                <results>
                  <test-suite type="TestFixture" name="DataSendingNaoEventTest" executed="True" result="Success" success="True" time="0.023" asserts="0">
                    <results>
                      <test-case name="Naovigate.Test.Event.DataSendingNaoEventTest.SendIDOnlyTest" executed="True" result="Success" success="True" time="0.000" asserts="2" />
                      <test-case name="Naovigate.Test.Event.DataSendingNaoEventTest.SendMultipleParamsByteTest" executed="True" result="Success" success="True" time="0.001" asserts="6" />
                      <test-case name="Naovigate.Test.Event.DataSendingNaoEventTest.SendMultipleParamsIntTest" executed="True" result="Success" success="True" time="0.000" asserts="6" />
                      <test-case name="Naovigate.Test.Event.DataSendingNaoEventTest.SendOneParamByteTest" executed="True" result="Success" success="True" time="0.000" asserts="2" />
                      <test-case name="Naovigate.Test.Event.DataSendingNaoEventTest.SendOneParamIntTest" executed="True" result="Success" success="True" time="0.000" asserts="2" />
                    </results>
                  </test-suite>
                  <test-suite type="TestFixture" name="EventQueueTest" executed="True" result="Success" success="True" time="0.139" asserts="0">
                    <results>
                      <test-case name="Naovigate.Test.Event.EventQueueTest.FiredInOrderTest" executed="True" result="Success" success="True" time="0.002" asserts="6" />
                      <test-case name="Naovigate.Test.Event.EventQueueTest.FireMultipleSessionsTest" executed="True" result="Success" success="True" time="0.001" asserts="3" />
                      <test-case name="Naovigate.Test.Event.EventQueueTest.MultipleEventFiredTest" executed="True" result="Success" success="True" time="0.001" asserts="1" />
                      <test-case name="Naovigate.Test.Event.EventQueueTest.SingleEventFiredTest" executed="True" result="Success" success="True" time="0.000" asserts="1" />
                    </results>
                  </test-suite>
                  <test-suite type="Namespace" name="GoalToNao" executed="True" result="Failure" success="False" time="2.158" asserts="0">
                    <results>
                      <test-suite type="TestFixture" name="PickupEventTest" executed="True" result="Failure" success="False" time="2.157" asserts="0">
                        <results>
                          <test-case name="Naovigate.Test.Event.GoalToNao.PickupEventTest.AbortTest" executed="True" result="Inconclusive" success="False" time="0.001" asserts="0">
                            <reason>
                              <message><![CDATA[]]></message>
                            </reason>
                          </test-case>
                          <test-case name="Naovigate.Test.Event.GoalToNao.PickupEventTest.FireTest" executed="True" result="Failure" success="False" time="2.136" asserts="1">
                            <failure>
                              <message><![CDATA[  Expected: collection containing null
  But was:  < <Naovigate.Event.NaoToGoal.SuccessEvent>, <Naovigate.Event.NaoToGoal.FailureEvent> >
]]></message>
                              <stack-trace><![CDATA[at Naovigate.Test.Event.GoalToNao.PickupEventTest.FireTest() in D:\My Files\TU\Contextproject\NaoRobot\Naovigate.Test\Event\GoalToNao\PickupEventTest.cs:line 85
]]></stack-trace>
                            </failure>
                          </test-case>
                          <test-case name="Naovigate.Test.Event.GoalToNao.PickupEventTest.UnpackTest" executed="True" result="Success" success="True" time="0.000" asserts="1" />
                        </results>
                      </test-suite>
                    </results>
                  </test-suite>
                  <test-suite type="TestFixture" name="NaoEventFactoryTests" executed="True" result="Success" success="True" time="0.024" asserts="0">
                    <results>
                      <test-case name="Naovigate.Test.Event.NaoEventFactoryTests.NewExitEventTest" executed="True" result="Success" success="True" time="0.000" asserts="1" />
                      <test-case name="Naovigate.Test.Event.NaoEventFactoryTests.NewGoToEventTest" executed="True" result="Success" success="True" time="0.000" asserts="1" />
                      <test-case name="Naovigate.Test.Event.NaoEventFactoryTests.NewHaltEventTest" executed="True" result="Success" success="True" time="0.001" asserts="1" />
                      <test-case name="Naovigate.Test.Event.NaoEventFactoryTests.NewInvalidEventTest" executed="True" result="Success" success="True" time="0.000" asserts="0" />
                      <test-case name="Naovigate.Test.Event.NaoEventFactoryTests.NewPickupEventTest" executed="True" result="Success" success="True" time="0.000" asserts="1" />
                      <test-case name="Naovigate.Test.Event.NaoEventFactoryTests.NewPutDownEventTest" executed="True" result="Success" success="True" time="0.000" asserts="1" />
                    </results>
                  </test-suite>
                </results>
              </test-suite>
              <test-suite type="Namespace" name="Util" executed="True" result="Success" success="True" time="0.085" asserts="0">
                <results>
                  <test-suite type="TestFixture" name="PriorityQueueTest" executed="True" result="Success" success="True" time="0.084" asserts="0">
                    <results>
                      <test-case name="Naovigate.Test.Util.PriorityQueueTest.EmptyAfterRemoveTest" executed="True" result="Success" success="True" time="0.001" asserts="1" />
                      <test-case name="Naovigate.Test.Util.PriorityQueueTest.EmptyAtStartTest" executed="True" result="Success" success="True" time="0.000" asserts="1" />
                      <test-case name="Naovigate.Test.Util.PriorityQueueTest.EnqueueInOrderTest" executed="True" result="Success" success="True" time="0.000" asserts="5" />
                      <test-case name="Naovigate.Test.Util.PriorityQueueTest.EnqueuePriorityAndOrderTest" executed="True" result="Success" success="True" time="0.000" asserts="5" />
                      <test-case name="Naovigate.Test.Util.PriorityQueueTest.EnqueuePriorityRandomOrderTest" executed="True" result="Success" success="True" time="0.000" asserts="11" />
                      <test-case name="Naovigate.Test.Util.PriorityQueueTest.EnqueuePriorityTest" executed="True" result="Success" success="True" time="0.001" asserts="5" />
                      <test-case name="Naovigate.Test.Util.PriorityQueueTest.EnqueueToHighPriority" executed="True" result="Success" success="True" time="0.000" asserts="0" />
                      <test-case name="Naovigate.Test.Util.PriorityQueueTest.InitialSizeTest" executed="True" result="Success" success="True" time="0.000" asserts="1" />
                      <test-case name="Naovigate.Test.Util.PriorityQueueTest.NotEmptyAfterAddTest" executed="True" result="Success" success="True" time="0.000" asserts="1" />
                      <test-case name="Naovigate.Test.Util.PriorityQueueTest.SizeTest" executed="True" result="Success" success="True" time="0.000" asserts="6" />
                    </results>
                  </test-suite>
                </results>
              </test-suite>
            </results>
          </test-suite>
        </results>
      </test-suite>
    </results>
  </test-suite>
</test-results>